<?xml version="1.0" encoding="UTF-8"?>
<!-- Generated by org.testng.reporters.JUnitXMLReporter -->
<testsuite ignored="0" hostname="ATMECSINLT-220" failures="9" tests="18" name="All tests" time="42.32" errors="0" timestamp="19 Oct 2018 11:47:08 GMT">
  <testcase classname="com.automate.flight.registertest.RegisterTest" name="enterValues" time="0.002">
    <failure type="java.lang.NullPointerException">
      <![CDATA[java.lang.NullPointerException
at com.automate.flight.registertest.RegisterTest.enterValues(RegisterTest.java:50)
... Removed 29 stack frames]]>
    </failure>
  </testcase> <!-- enterValues -->
  <testcase classname="com.automate.flight.registertest.RegisterTest" name="enterValues" time="0.0">
    <failure type="java.lang.NullPointerException">
      <![CDATA[java.lang.NullPointerException
at com.automate.flight.registertest.RegisterTest.enterValues(RegisterTest.java:50)
... Removed 29 stack frames]]>
    </failure>
  </testcase> <!-- enterValues -->
  <testcase classname="com.automate.flight.registertest.RegisterTest" name="enterValues" time="0.0">
    <failure type="java.lang.NullPointerException">
      <![CDATA[java.lang.NullPointerException
at com.automate.flight.registertest.RegisterTest.enterValues(RegisterTest.java:50)
... Removed 29 stack frames]]>
    </failure>
  </testcase> <!-- enterValues -->
  <testcase classname="com.automate.flight.registertest.RegisterTest" name="enterValues" time="0.0">
    <failure type="java.lang.NullPointerException">
      <![CDATA[java.lang.NullPointerException
at com.automate.flight.registertest.RegisterTest.enterValues(RegisterTest.java:50)
... Removed 29 stack frames]]>
    </failure>
  </testcase> <!-- enterValues -->
  <testcase classname="com.automate.flight.registertest.RegisterTest" name="enterValues" time="0.001">
    <failure type="java.lang.NullPointerException">
      <![CDATA[java.lang.NullPointerException
at com.automate.flight.registertest.RegisterTest.enterValues(RegisterTest.java:50)
... Removed 29 stack frames]]>
    </failure>
  </testcase> <!-- enterValues -->
  <testcase classname="com.automate.flight.registertest.RegisterTest" name="enterValues" time="0.0">
    <failure type="java.lang.NullPointerException">
      <![CDATA[java.lang.NullPointerException
at com.automate.flight.registertest.RegisterTest.enterValues(RegisterTest.java:50)
... Removed 29 stack frames]]>
    </failure>
  </testcase> <!-- enterValues -->
  <testcase classname="com.automate.flight.registertest.RegisterTest" name="enterValues" time="0.001">
    <failure type="java.lang.NullPointerException">
      <![CDATA[java.lang.NullPointerException
at com.automate.flight.registertest.RegisterTest.enterValues(RegisterTest.java:50)
... Removed 29 stack frames]]>
    </failure>
  </testcase> <!-- enterValues -->
  <testcase classname="com.automate.flight.registertest.RegisterTest" name="enterValues" time="0.0">
    <failure type="java.lang.NullPointerException">
      <![CDATA[java.lang.NullPointerException
at com.automate.flight.registertest.RegisterTest.enterValues(RegisterTest.java:50)
... Removed 29 stack frames]]>
    </failure>
  </testcase> <!-- enterValues -->
  <testcase classname="com.automate.flight.registertest.RegisterTest" name="enterValues" time="0.001">
    <failure type="java.lang.NullPointerException">
      <![CDATA[java.lang.NullPointerException
at com.automate.flight.registertest.RegisterTest.enterValues(RegisterTest.java:50)
... Removed 29 stack frames]]>
    </failure>
  </testcase> <!-- enterValues -->
  <testcase classname="com.automate.flight.registertest.RegisterTest" name="getData" time="0.0"/>
  <testcase classname="com.automate.flight.registertest.RegisterTest" name="getData" time="0.0"/>
  <testcase classname="com.automate.flight.registertest.RegisterTest" name="getData" time="0.0"/>
  <testcase classname="com.automate.flight.registertest.RegisterTest" name="getData" time="0.0"/>
  <testcase classname="com.automate.flight.registertest.RegisterTest" name="getData" time="0.0"/>
  <testcase classname="com.automate.flight.registertest.RegisterTest" name="getData" time="0.0"/>
  <testcase classname="com.automate.flight.registertest.RegisterTest" name="getData" time="0.0"/>
  <testcase classname="com.automate.flight.registertest.RegisterTest" name="getData" time="0.0"/>
  <testcase classname="com.automate.flight.registertest.RegisterTest" name="getData" time="0.0"/>
</testsuite> <!-- All tests -->
