-------------------------------------------------------------------------------
Test set: TestSuite
-------------------------------------------------------------------------------
Tests run: 18, Failures: 9, Errors: 0, Skipped: 0, Time elapsed: 43.466 s <<< FAILURE! - in TestSuite
enterValues(com.automate.flight.registertest.RegisterTest)  Time elapsed: 0.015 s  <<< FAILURE!
java.lang.NullPointerException
	at com.automate.flight.registertest.RegisterTest.enterValues(RegisterTest.java:50)

enterValues(com.automate.flight.registertest.RegisterTest)  Time elapsed: 0.001 s  <<< FAILURE!
java.lang.NullPointerException
	at com.automate.flight.registertest.RegisterTest.enterValues(RegisterTest.java:50)

enterValues(com.automate.flight.registertest.RegisterTest)  Time elapsed: 0.002 s  <<< FAILURE!
java.lang.NullPointerException
	at com.automate.flight.registertest.RegisterTest.enterValues(RegisterTest.java:50)

enterValues(com.automate.flight.registertest.RegisterTest)  Time elapsed: 0.001 s  <<< FAILURE!
java.lang.NullPointerException
	at com.automate.flight.registertest.RegisterTest.enterValues(RegisterTest.java:50)

enterValues(com.automate.flight.registertest.RegisterTest)  Time elapsed: 0 s  <<< FAILURE!
java.lang.NullPointerException
	at com.automate.flight.registertest.RegisterTest.enterValues(RegisterTest.java:50)

enterValues(com.automate.flight.registertest.RegisterTest)  Time elapsed: 0 s  <<< FAILURE!
java.lang.NullPointerException
	at com.automate.flight.registertest.RegisterTest.enterValues(RegisterTest.java:50)

enterValues(com.automate.flight.registertest.RegisterTest)  Time elapsed: 0.001 s  <<< FAILURE!
java.lang.NullPointerException
	at com.automate.flight.registertest.RegisterTest.enterValues(RegisterTest.java:50)

enterValues(com.automate.flight.registertest.RegisterTest)  Time elapsed: 0 s  <<< FAILURE!
java.lang.NullPointerException
	at com.automate.flight.registertest.RegisterTest.enterValues(RegisterTest.java:50)

enterValues(com.automate.flight.registertest.RegisterTest)  Time elapsed: 0 s  <<< FAILURE!
java.lang.NullPointerException
	at com.automate.flight.registertest.RegisterTest.enterValues(RegisterTest.java:50)

