<?xml version="1.0" encoding="UTF-8"?>
<testsuite xmlns:xsi="http://www.w3.org/2001/XMLSchema-instance" xsi:noNamespaceSchemaLocation="https://maven.apache.org/surefire/maven-surefire-plugin/xsd/surefire-test-report.xsd" name="TestSuite" time="43.466" tests="18" errors="0" skipped="0" failures="9">
  <properties>
[...]
</properties>
  <testcase name="enterValues" classname="com.automate.flight.registertest.RegisterTest" time="0.015">
    <failure type="java.lang.NullPointerException">java.lang.NullPointerException
	at com.automate.flight.registertest.RegisterTest.enterValues(RegisterTest.java:50)
</failure>
    <system-out><![CDATA[D:\GeckoDriver\geckodriver.exe
9
2
[0, 0] = STRING; Value = firstName
[0, 1] = STRING; Value = Atmecs
[1, 0] = STRING; Value = lastName
[1, 1] = STRING; Value = Technology
[2, 0] = STRING; Value = phone
[2, 1] = NUMERIC; Value = 9.100023203E9
[3, 0] = STRING; Value = email
[3, 1] = STRING; Value = atmecstechnology@gmail.com
[4, 0] = STRING; Value = address1
[4, 1] = STRING; Value = Hyderabad
[5, 0] = STRING; Value = address2
[5, 1] = STRING; Value = Hyderabad
[6, 0] = STRING; Value = city
[6, 1] = STRING; Value = Hyderabad
[7, 0] = STRING; Value = state
[7, 1] = STRING; Value = Telangana
[8, 0] = STRING; Value = postalCode
[8, 1] = NUMERIC; Value = 500089.0
[[Ljava.lang.Object;@c4c0b41
]]></system-out>
    <system-err><![CDATA[1539949587699	geckodriver	INFO	Listening on 127.0.0.1:23467
1539949588600	geckodriver::marionette	INFO	Starting browser \\?\C:\Program Files (x86)\Mozilla Firefox\firefox.exe with args ["-marionette"]
1539949596560	Marionette	INFO	Listening on port 54934
1539949597122	Marionette	WARN	TLS certificate errors will be ignored for this session
1539949605653	Marionette	DEBUG	[6442450945] Frame script loaded
1539949605668	Marionette	DEBUG	[6442450945] Frame script registered
Oct 19, 2018 5:16:45 PM org.openqa.selenium.remote.ProtocolHandshake createSession
INFO: Detected dialect: W3C
1539949605857	Marionette	DEBUG	[6442450945] Received DOM event beforeunload for about:blank
1539949606738	Marionette	DEBUG	[6442450945] Received DOM event pagehide for about:blank
1539949606738	Marionette	DEBUG	[6442450945] Received DOM event unload for about:blank
1539949606808	Marionette	DEBUG	[6442450945] Received DOM event DOMContentLoaded for http://newtours.demoaut.com/
1539949607432	Marionette	DEBUG	[6442450945] Received DOM event pageshow for http://newtours.demoaut.com/
1539949608739	Marionette	DEBUG	[6442450945] Received DOM event beforeunload for http://newtours.demoaut.com/
1539949609405	Marionette	DEBUG	[6442450945] Received DOM event pagehide for http://newtours.demoaut.com/
1539949609405	Marionette	DEBUG	[6442450945] Received DOM event unload for http://newtours.demoaut.com/
1539949609458	Marionette	DEBUG	[6442450945] Received DOM event DOMContentLoaded for http://newtours.demoaut.com/mercuryregister.php?osCsid=260a31494887fd6a358698e3d8a3519b
1539949609703	Marionette	DEBUG	[6442450945] Received DOM event pageshow for http://newtours.demoaut.com/mercuryregister.php?osCsid=260a31494887fd6a358698e3d8a3519b
]]></system-err>
  </testcase>
  <testcase name="enterValues" classname="com.automate.flight.registertest.RegisterTest" time="0.001">
    <failure type="java.lang.NullPointerException">java.lang.NullPointerException
	at com.automate.flight.registertest.RegisterTest.enterValues(RegisterTest.java:50)
</failure>
    <system-out><![CDATA[[[Ljava.lang.Object;@c4c0b41
]]></system-out>
    <system-err><![CDATA[1539949609835	Marionette	DEBUG	[6442450945] Received DOM event beforeunload for http://newtours.demoaut.com/mercuryregister.php?osCsid=260a31494887fd6a358698e3d8a3519b
1539949610501	Marionette	DEBUG	[6442450945] Received DOM event pagehide for http://newtours.demoaut.com/mercuryregister.php?osCsid=260a31494887fd6a358698e3d8a3519b
1539949610502	Marionette	DEBUG	[6442450945] Received DOM event unload for http://newtours.demoaut.com/mercuryregister.php?osCsid=260a31494887fd6a358698e3d8a3519b
1539949610527	Marionette	DEBUG	[6442450945] Received DOM event DOMContentLoaded for http://newtours.demoaut.com/mercuryregister.php
1539949610797	Marionette	DEBUG	[6442450945] Received DOM event pageshow for http://newtours.demoaut.com/mercuryregister.php
]]></system-err>
  </testcase>
  <testcase name="enterValues" classname="com.automate.flight.registertest.RegisterTest" time="0.002">
    <failure type="java.lang.NullPointerException">java.lang.NullPointerException
	at com.automate.flight.registertest.RegisterTest.enterValues(RegisterTest.java:50)
</failure>
    <system-out><![CDATA[[[Ljava.lang.Object;@c4c0b41
]]></system-out>
    <system-err><![CDATA[1539949610906	Marionette	DEBUG	[6442450945] Received DOM event beforeunload for http://newtours.demoaut.com/mercuryregister.php
1539949611569	Marionette	DEBUG	[6442450945] Received DOM event pagehide for http://newtours.demoaut.com/mercuryregister.php
1539949611571	Marionette	DEBUG	[6442450945] Received DOM event unload for http://newtours.demoaut.com/mercuryregister.php
1539949611589	Marionette	DEBUG	[6442450945] Received DOM event DOMContentLoaded for http://newtours.demoaut.com/mercuryregister.php
1539949611872	Marionette	DEBUG	[6442450945] Received DOM event pageshow for http://newtours.demoaut.com/mercuryregister.php
]]></system-err>
  </testcase>
  <testcase name="enterValues" classname="com.automate.flight.registertest.RegisterTest" time="0.001">
    <failure type="java.lang.NullPointerException">java.lang.NullPointerException
	at com.automate.flight.registertest.RegisterTest.enterValues(RegisterTest.java:50)
</failure>
    <system-out><![CDATA[[[Ljava.lang.Object;@c4c0b41
]]></system-out>
    <system-err><![CDATA[1539949611963	Marionette	DEBUG	[6442450945] Received DOM event beforeunload for http://newtours.demoaut.com/mercuryregister.php
1539949612621	Marionette	DEBUG	[6442450945] Received DOM event pagehide for http://newtours.demoaut.com/mercuryregister.php
1539949612622	Marionette	DEBUG	[6442450945] Received DOM event unload for http://newtours.demoaut.com/mercuryregister.php
1539949612635	Marionette	DEBUG	[6442450945] Received DOM event DOMContentLoaded for http://newtours.demoaut.com/mercuryregister.php
1539949612925	Marionette	DEBUG	[6442450945] Received DOM event pageshow for http://newtours.demoaut.com/mercuryregister.php
]]></system-err>
  </testcase>
  <testcase name="enterValues" classname="com.automate.flight.registertest.RegisterTest" time="0">
    <failure type="java.lang.NullPointerException">java.lang.NullPointerException
	at com.automate.flight.registertest.RegisterTest.enterValues(RegisterTest.java:50)
</failure>
    <system-out><![CDATA[[[Ljava.lang.Object;@c4c0b41
]]></system-out>
    <system-err><![CDATA[1539949613033	Marionette	DEBUG	[6442450945] Received DOM event beforeunload for http://newtours.demoaut.com/mercuryregister.php
1539949613706	Marionette	DEBUG	[6442450945] Received DOM event pagehide for http://newtours.demoaut.com/mercuryregister.php
1539949613706	Marionette	DEBUG	[6442450945] Received DOM event unload for http://newtours.demoaut.com/mercuryregister.php
1539949613746	Marionette	DEBUG	[6442450945] Received DOM event DOMContentLoaded for http://newtours.demoaut.com/mercuryregister.php
1539949614003	Marionette	DEBUG	[6442450945] Received DOM event pageshow for http://newtours.demoaut.com/mercuryregister.php
]]></system-err>
  </testcase>
  <testcase name="enterValues" classname="com.automate.flight.registertest.RegisterTest" time="0">
    <failure type="java.lang.NullPointerException">java.lang.NullPointerException
	at com.automate.flight.registertest.RegisterTest.enterValues(RegisterTest.java:50)
</failure>
    <system-out><![CDATA[[[Ljava.lang.Object;@c4c0b41
]]></system-out>
    <system-err><![CDATA[1539949614117	Marionette	DEBUG	[6442450945] Received DOM event beforeunload for http://newtours.demoaut.com/mercuryregister.php
1539949614792	Marionette	DEBUG	[6442450945] Received DOM event pagehide for http://newtours.demoaut.com/mercuryregister.php
1539949614793	Marionette	DEBUG	[6442450945] Received DOM event unload for http://newtours.demoaut.com/mercuryregister.php
1539949614883	Marionette	DEBUG	[6442450945] Received DOM event DOMContentLoaded for http://newtours.demoaut.com/mercuryregister.php
1539949615131	Marionette	DEBUG	[6442450945] Received DOM event pageshow for http://newtours.demoaut.com/mercuryregister.php
]]></system-err>
  </testcase>
  <testcase name="enterValues" classname="com.automate.flight.registertest.RegisterTest" time="0.001">
    <failure type="java.lang.NullPointerException">java.lang.NullPointerException
	at com.automate.flight.registertest.RegisterTest.enterValues(RegisterTest.java:50)
</failure>
    <system-out><![CDATA[[[Ljava.lang.Object;@c4c0b41
]]></system-out>
    <system-err><![CDATA[1539949615267	Marionette	DEBUG	[6442450945] Received DOM event beforeunload for http://newtours.demoaut.com/mercuryregister.php
1539949615931	Marionette	DEBUG	[6442450945] Received DOM event pagehide for http://newtours.demoaut.com/mercuryregister.php
1539949615933	Marionette	DEBUG	[6442450945] Received DOM event unload for http://newtours.demoaut.com/mercuryregister.php
1539949615997	Marionette	DEBUG	[6442450945] Received DOM event DOMContentLoaded for http://newtours.demoaut.com/mercuryregister.php
1539949616236	Marionette	DEBUG	[6442450945] Received DOM event pageshow for http://newtours.demoaut.com/mercuryregister.php
]]></system-err>
  </testcase>
  <testcase name="enterValues" classname="com.automate.flight.registertest.RegisterTest" time="0">
    <failure type="java.lang.NullPointerException">java.lang.NullPointerException
	at com.automate.flight.registertest.RegisterTest.enterValues(RegisterTest.java:50)
</failure>
    <system-out><![CDATA[[[Ljava.lang.Object;@c4c0b41
]]></system-out>
    <system-err><![CDATA[1539949616368	Marionette	DEBUG	[6442450945] Received DOM event beforeunload for http://newtours.demoaut.com/mercuryregister.php
1539949617029	Marionette	DEBUG	[6442450945] Received DOM event pagehide for http://newtours.demoaut.com/mercuryregister.php
1539949617031	Marionette	DEBUG	[6442450945] Received DOM event unload for http://newtours.demoaut.com/mercuryregister.php
1539949617060	Marionette	DEBUG	[6442450945] Received DOM event DOMContentLoaded for http://newtours.demoaut.com/mercuryregister.php
1539949617324	Marionette	DEBUG	[6442450945] Received DOM event pageshow for http://newtours.demoaut.com/mercuryregister.php
]]></system-err>
  </testcase>
  <testcase name="enterValues" classname="com.automate.flight.registertest.RegisterTest" time="0">
    <failure type="java.lang.NullPointerException">java.lang.NullPointerException
	at com.automate.flight.registertest.RegisterTest.enterValues(RegisterTest.java:50)
</failure>
    <system-out><![CDATA[[[Ljava.lang.Object;@c4c0b41
]]></system-out>
    <system-err><![CDATA[1539949617402	Marionette	DEBUG	[6442450945] Received DOM event beforeunload for http://newtours.demoaut.com/mercuryregister.php
1539949618057	Marionette	DEBUG	[6442450945] Received DOM event pagehide for http://newtours.demoaut.com/mercuryregister.php
1539949618058	Marionette	DEBUG	[6442450945] Received DOM event unload for http://newtours.demoaut.com/mercuryregister.php
1539949618091	Marionette	DEBUG	[6442450945] Received DOM event DOMContentLoaded for http://newtours.demoaut.com/mercuryregister.php
1539949618351	Marionette	DEBUG	[6442450945] Received DOM event pageshow for http://newtours.demoaut.com/mercuryregister.php
]]></system-err>
  </testcase>
  <testcase name="getData" classname="com.automate.flight.registertest.RegisterTest" time="0"/>
  <testcase name="getData" classname="com.automate.flight.registertest.RegisterTest" time="0"/>
  <testcase name="getData" classname="com.automate.flight.registertest.RegisterTest" time="0"/>
  <testcase name="getData" classname="com.automate.flight.registertest.RegisterTest" time="0"/>
  <testcase name="getData" classname="com.automate.flight.registertest.RegisterTest" time="0"/>
  <testcase name="getData" classname="com.automate.flight.registertest.RegisterTest" time="0.001"/>
  <testcase name="getData" classname="com.automate.flight.registertest.RegisterTest" time="0"/>
  <testcase name="getData" classname="com.automate.flight.registertest.RegisterTest" time="0"/>
  <testcase name="getData" classname="com.automate.flight.registertest.RegisterTest" time="0"/>
</testsuite>