<?xml version="1.0" encoding="UTF-8"?>
<testng-results skipped="0" failed="0" ignored="0" total="1" passed="1">
  <reporter-output>
  </reporter-output>
  <suite name="Default suite" duration-ms="24450" started-at="2019-01-24T10:41:11Z" finished-at="2019-01-24T10:41:36Z">
    <groups>
    </groups>
    <test name="Default test" duration-ms="24450" started-at="2019-01-24T10:41:11Z" finished-at="2019-01-24T10:41:36Z">
      <class name="com.automate.flight.registertest.RegisterTest">
        <test-method status="PASS" signature="launchBrowser()[pri:0, instance:com.automate.flight.registertest.RegisterTest@47c62251]" name="launchBrowser" is-config="true" duration-ms="7457" started-at="2019-01-24T10:41:11Z" finished-at="2019-01-24T10:41:19Z">
          <reporter-output>
          </reporter-output>
        </test-method> <!-- launchBrowser -->
        <test-method status="PASS" signature="init()[pri:0, instance:com.automate.flight.registertest.RegisterTest@47c62251]" name="init" is-config="true" duration-ms="61" started-at="2019-01-24T10:41:20Z" finished-at="2019-01-24T10:41:20Z">
          <reporter-output>
          </reporter-output>
        </test-method> <!-- init -->
        <test-method status="PASS" signature="enterValues(java.lang.String, java.lang.String, java.lang.String, java.lang.String, java.lang.String, java.lang.String, java.lang.String, java.lang.String, java.lang.String, java.lang.String, java.lang.String, java.lang.String)[pri:0, instance:com.automate.flight.registertest.RegisterTest@47c62251]" name="enterValues" duration-ms="15528" started-at="2019-01-24T10:41:20Z" data-provider="getData" finished-at="2019-01-24T10:41:35Z">
          <params>
            <param index="0">
              <value>
                <![CDATA[User]]>
              </value>
            </param>
            <param index="1">
              <value>
                <![CDATA[One]]>
              </value>
            </param>
            <param index="2">
              <value>
                <![CDATA[8.945435944E9]]>
              </value>
            </param>
            <param index="3">
              <value>
                <![CDATA[abcd24@gmail.com]]>
              </value>
            </param>
            <param index="4">
              <value>
                <![CDATA[Hyderabad]]>
              </value>
            </param>
            <param index="5">
              <value>
                <![CDATA[Hyderabad]]>
              </value>
            </param>
            <param index="6">
              <value>
                <![CDATA[Hyderabad]]>
              </value>
            </param>
            <param index="7">
              <value>
                <![CDATA[Telangana]]>
              </value>
            </param>
            <param index="8">
              <value>
                <![CDATA[500089.0]]>
              </value>
            </param>
            <param index="9">
              <value>
                <![CDATA[atmecs]]>
              </value>
            </param>
            <param index="10">
              <value>
                <![CDATA[tech1@34]]>
              </value>
            </param>
            <param index="11">
              <value>
                <![CDATA[tech1@34]]>
              </value>
            </param>
          </params>
          <reporter-output>
          </reporter-output>
        </test-method> <!-- enterValues -->
      </class> <!-- com.automate.flight.registertest.RegisterTest -->
    </test> <!-- Default test -->
  </suite> <!-- Default suite -->
</testng-results>
