<?xml version="1.0" encoding="UTF-8"?>
<testng-results skipped="0" failed="0" ignored="0" total="1" passed="1">
  <reporter-output>
  </reporter-output>
  <suite name="Default suite" duration-ms="1001" started-at="2019-01-17T06:49:04Z" finished-at="2019-01-17T06:49:05Z">
    <groups>
    </groups>
    <test name="Default test" duration-ms="1001" started-at="2019-01-17T06:49:04Z" finished-at="2019-01-17T06:49:05Z">
      <class name="com.automate.flight.utility.Data">
        <test-method status="PASS" signature="read()[pri:0, instance:com.automate.flight.utility.Data@2b98378d]" name="read" duration-ms="955" started-at="2019-01-17T06:49:05Z" finished-at="2019-01-17T06:49:05Z">
          <reporter-output>
          </reporter-output>
        </test-method> <!-- read -->
      </class> <!-- com.automate.flight.utility.Data -->
    </test> <!-- Default test -->
  </suite> <!-- Default suite -->
</testng-results>
